<?xml version="1.0" encoding="UTF-8"?>
<!-- Generated by org.testng.reporters.JUnitReportReporter -->
<testsuite hostname="INLEN8520032208" failures="0" tests="1" name="TestBook.VerifyPutMethod" time="2.160" errors="0" timestamp="2022-06-13T12:07:22 IST" skipped="0">
  <testcase classname="TestBook.VerifyPutMethod" name="TestPutMethod" time="2.160"/>
  <system-out/>
</testsuite> <!-- TestBook.VerifyPutMethod -->
