<?xml version="1.0" encoding="UTF-8"?>
<!-- Generated by org.testng.reporters.JUnitReportReporter -->
<testsuite hostname="INLEN8520032208" failures="0" tests="1" name="TestBook.VerifyPostMethod" time="1.997" errors="0" timestamp="2022-06-13T11:57:39 IST" skipped="0">
  <testcase classname="TestBook.VerifyPostMethod" name="TestPostMethod" time="1.997"/>
  <system-out/>
</testsuite> <!-- TestBook.VerifyPostMethod -->
