<?xml version="1.0" encoding="UTF-8"?>
<!-- Generated by org.testng.reporters.JUnitReportReporter -->
<testsuite hostname="INLEN8520032208" failures="0" tests="1" name="TestBook.VerifyGetMethod" time="3.296" errors="0" timestamp="2022-06-13T11:39:41 IST" skipped="0">
  <testcase classname="TestBook.VerifyGetMethod" name="GetTestMethod" time="3.296"/>
  <system-out/>
</testsuite> <!-- TestBook.VerifyGetMethod -->
