<?xml version="1.0" encoding="UTF-8"?>
<!-- Generated by org.testng.reporters.JUnitReportReporter -->
<testsuite hostname="INLEN8520032208" failures="0" tests="1" name="TestCoverPhoto.VerifyGetMethod$VerifyPostMethod" time="1.933" errors="0" timestamp="2022-06-13T12:49:01 IST" skipped="0">
  <testcase classname="TestCoverPhoto.VerifyGetMethod$VerifyPostMethod" name="TestPostMethod" time="1.933"/>
  <system-out/>
</testsuite> <!-- TestCoverPhoto.VerifyGetMethod$VerifyPostMethod -->
