<?xml version="1.0" encoding="UTF-8"?>
<!-- Generated by org.testng.reporters.JUnitReportReporter -->
<testsuite hostname="INLEN8520032208" failures="0" tests="1" name="TestUser.VerifyGetMethod$VerifyPostMethod" time="3.088" errors="0" timestamp="2022-06-13T14:22:38 IST" skipped="0">
  <testcase classname="TestUser.VerifyGetMethod$VerifyPostMethod" name="TestPostMethod" time="3.088"/>
  <system-out/>
</testsuite> <!-- TestUser.VerifyGetMethod$VerifyPostMethod -->
