<?xml version="1.0" encoding="UTF-8"?>
<!-- Generated by org.testng.reporters.JUnitReportReporter -->
<testsuite hostname="INLEN8520032208" failures="0" tests="1" name="TestUser.VerifyGetMethod" time="0.956" errors="0" timestamp="2022-06-13T14:22:38 IST" skipped="0">
  <testcase classname="TestUser.VerifyGetMethod" name="GetTestMethod" time="0.956"/>
  <system-out/>
</testsuite> <!-- TestUser.VerifyGetMethod -->
